Installing packages into ‘/home/cerfort/R/x86_64-pc-linux-gnu-library/4.4’
(as ‘lib’ is unspecified)
also installing the dependencies ‘protolite’, ‘geojson’, ‘jqr’

trying URL 'https://cloud.r-project.org/src/contrib/protolite_2.3.1.tar.gz'
Content type 'application/x-gzip' length 25019 bytes (24 KB)
==================================================
downloaded 24 KB

trying URL 'https://cloud.r-project.org/src/contrib/geojson_0.3.5.tar.gz'
Content type 'application/x-gzip' length 1025678 bytes (1001 KB)
==================================================
downloaded 1001 KB

trying URL 'https://cloud.r-project.org/src/contrib/jqr_1.4.0.tar.gz'
Content type 'application/x-gzip' length 34709 bytes (33 KB)
==================================================
downloaded 33 KB

trying URL 'https://cloud.r-project.org/src/contrib/geojsonio_0.11.3.tar.gz'
Content type 'application/x-gzip' length 791220 bytes (772 KB)
==================================================
downloaded 772 KB

* installing *source* package ‘protolite’ ...
** package ‘protolite’ successfully unpacked and MD5 sums checked
** using staged installation
Package protobuf was not found in the pkg-config search path.
Perhaps you should add the directory containing `protobuf.pc'
to the PKG_CONFIG_PATH environment variable
Package 'protobuf', required by 'virtual:world', not found
Using PKG_CFLAGS=
Using PKG_LIBS=-lprotobuf
Found C++17 compiler: g++ -std=gnu++17 -g -O2 -ffile-prefix-map=/build/r-base-6tgf7J/r-base-4.4.2=. -fstack-protector-strong -Wformat -Werror=format-security -Wdate-time -D_FORTIFY_SOURCE=2
------------------------------[ ANTICONF ]-----------------------------
Configuration failed to find protobuf. Try installing:
 * deb: libprotobuf-dev (Debian, Ubuntu, etc)
 * rpm: protobuf-devel (Fedora, EPEL)
 * brew: protobuf (OSX)
If protobuf is already installed, check that 'pkg-config' is in your
PATH and PKG_CONFIG_PATH contains a protobuf.pc file. If pkg-config
is unavailable you can set INCLUDE_DIR and LIB_DIR manually via:
R CMD INSTALL --configure-vars='INCLUDE_DIR=... LIB_DIR=...'
----------------------------[ ERROR MESSAGE ]----------------------------
<stdin>:1:10: fatal error: google/protobuf/message.h: No such file or directory
compilation terminated.
------------------------------------------------------------------------
ERROR: configuration failed for package ‘protolite’
* removing ‘/home/cerfort/R/x86_64-pc-linux-gnu-library/4.4/protolite’
* installing *source* package ‘jqr’ ...
** package ‘jqr’ successfully unpacked and MD5 sums checked
** using staged installation
Using PKG_CFLAGS=
Using PKG_LIBS=-ljq
--------------------------- [ANTICONF] --------------------------------
Configuration failed because libjq was not found. Try installing:
 * deb: libjq-dev (Debian, Ubuntu).
 * rpm: jq-devel (Fedora, EPEL)
 * csw: libjq_dev (Solaris)
 * brew: jq (OSX)
If  is already installed set INCLUDE_DIR and LIB_DIR manually via:
R CMD INSTALL --configure-vars='INCLUDE_DIR=... LIB_DIR=...'
-------------------------- [ERROR MESSAGE] ---------------------------
<stdin>:1:10: fatal error: jq.h: No such file or directory
compilation terminated.
--------------------------------------------------------------------
ERROR: configuration failed for package ‘jqr’
* removing ‘/home/cerfort/R/x86_64-pc-linux-gnu-library/4.4/jqr’
ERROR: dependencies ‘protolite’, ‘jqr’ are not available for package ‘geojson’
* removing ‘/home/cerfort/R/x86_64-pc-linux-gnu-library/4.4/geojson’
ERROR: dependencies ‘geojson’, ‘jqr’ are not available for package ‘geojsonio’
* removing ‘/home/cerfort/R/x86_64-pc-linux-gnu-library/4.4/geojsonio’

The downloaded source packages are in
	‘/tmp/RtmpuGECAU/downloaded_packages’
Loading required package: haven
Loading required package: lubridate

Attaching package: ‘lubridate’

The following objects are masked from ‘package:base’:

    date, intersect, setdiff, union

Loading required package: stringr
Loading required package: ggplot2
Loading required package: dlm

Attaching package: ‘dlm’

The following object is masked from ‘package:ggplot2’:

    %+%

Loading required package: plyr
Loading required package: dplyr

Attaching package: ‘dplyr’

The following objects are masked from ‘package:plyr’:

    arrange, count, desc, failwith, id, mutate, rename, summarise,
    summarize

The following objects are masked from ‘package:stats’:

    filter, lag

The following objects are masked from ‘package:base’:

    intersect, setdiff, setequal, union

Loading required package: magrittr
Loading required package: broom
Loading required package: tidyr

Attaching package: ‘tidyr’

The following object is masked from ‘package:magrittr’:

    extract

Loading required package: reshape2

Attaching package: ‘reshape2’

The following object is masked from ‘package:tidyr’:

    smiths

Loading required package: readr
Loading required package: rvest

Attaching package: ‘rvest’

The following object is masked from ‘package:readr’:

    guess_encoding

Loading required package: mcmcplots
Loading required package: coda
Loading required package: parallel
Loading required package: rstan
Loading required package: StanHeaders

rstan version 2.32.6 (Stan version 2.32.2)

For execution on a local, multicore CPU with excess RAM we recommend calling
options(mc.cores = parallel::detectCores()).
To avoid recompilation of unchanged Stan programs, we recommend calling
rstan_options(auto_write = TRUE)
For within-chain threading using `reduce_sum()` or `map_rect()` Stan functions,
change `threads_per_chain` option:
rstan_options(threads_per_chain = 1)


Attaching package: ‘rstan’

The following object is masked from ‘package:coda’:

    traceplot

The following object is masked from ‘package:tidyr’:

    extract

The following object is masked from ‘package:magrittr’:

    extract

Loading required package: shinystan
Loading required package: shiny

This is shinystan version 2.6.0

Loading required package: superdiag
Loading required package: xtable
Loading required package: knitr
Loading required package: openxlsx
Loading required package: plotly

Attaching package: ‘plotly’

The following objects are masked from ‘package:plyr’:

    arrange, mutate, rename, summarise

The following object is masked from ‘package:ggplot2’:

    last_plot

The following object is masked from ‘package:stats’:

    filter

The following object is masked from ‘package:graphics’:

    layout

Loading required package: htmlwidgets
Loading required package: stringi
Loading required package: keras
Loading required package: tidyverse
── Attaching core tidyverse packages ──────────────────────── tidyverse 2.0.0 ──
✔ forcats 1.0.0     ✔ tibble  3.2.1
✔ purrr   1.0.2     
── Conflicts ────────────────────────────────────────── tidyverse_conflicts() ──
✖ dlm::%+%()              masks ggplot2::%+%()
✖ purrr::%||%()           masks base::%||%()
✖ plotly::arrange()       masks dplyr::arrange(), plyr::arrange()
✖ purrr::compact()        masks plyr::compact()
✖ dplyr::count()          masks plyr::count()
✖ dplyr::desc()           masks plyr::desc()
✖ rstan::extract()        masks tidyr::extract(), magrittr::extract()
✖ dplyr::failwith()       masks plyr::failwith()
✖ plotly::filter()        masks dplyr::filter(), stats::filter()
✖ rvest::guess_encoding() masks readr::guess_encoding()
✖ dplyr::id()             masks plyr::id()
✖ dplyr::lag()            masks stats::lag()
✖ plotly::mutate()        masks dplyr::mutate(), plyr::mutate()
✖ plotly::rename()        masks dplyr::rename(), plyr::rename()
✖ purrr::set_names()      masks magrittr::set_names()
✖ plotly::summarise()     masks dplyr::summarise(), plyr::summarise()
✖ dplyr::summarize()      masks plyr::summarize()
ℹ Use the conflicted package (<http://conflicted.r-lib.org/>) to force all conflicts to become errors
Loading required package: MASS

Attaching package: ‘MASS’

The following object is masked from ‘package:plotly’:

    select

The following object is masked from ‘package:dplyr’:

    select

Loading required package: future.apply
Loading required package: future

Attaching package: ‘future’

The following object is masked from ‘package:keras’:

    %<-%

Loading required package: rgdal
Loading required package: geojsonio
Loading required package: rmapshaper
Loading required package: abind
Loading required package: maptools
Loading required package: cartogram
Loading required package: httr

Attaching package: ‘httr’

The following object is masked from ‘package:plotly’:

    config

Loading required package: jsonlite

Attaching package: ‘jsonlite’

The following object is masked from ‘package:purrr’:

    flatten

The following object is masked from ‘package:shiny’:

    validate

Loading required package: pacman
       haven    lubridate      stringr      ggplot2          dlm         plyr 
        TRUE         TRUE         TRUE         TRUE         TRUE         TRUE 
       dplyr     magrittr        broom        tidyr      stringr     reshape2 
        TRUE         TRUE         TRUE         TRUE         TRUE         TRUE 
       readr        rvest    mcmcplots     parallel        rstan    shinystan 
        TRUE         TRUE         TRUE         TRUE         TRUE         TRUE 
   superdiag       xtable        knitr     openxlsx       plotly  htmlwidgets 
        TRUE         TRUE         TRUE         TRUE         TRUE         TRUE 
    parallel      stringi        keras    tidyverse         MASS future.apply 
        TRUE         TRUE         TRUE         TRUE         TRUE         TRUE 
       rgdal    geojsonio   rmapshaper        abind     maptools    cartogram 
       FALSE        FALSE         TRUE         TRUE        FALSE         TRUE 
        httr     jsonlite       pacman 
        TRUE         TRUE         TRUE 
Warning messages:
1: packages ‘rgdal’, ‘maptools’ are not available for this version of R

Versions of these packages for your version of R might be available elsewhere,
see the ideas at
https://cran.r-project.org/doc/manuals/r-patched/R-admin.html#Installing-packages 
2: In install.packages(p_to_install, dependencies = TRUE) :
  installation of package ‘protolite’ had non-zero exit status
3: In install.packages(p_to_install, dependencies = TRUE) :
  installation of package ‘jqr’ had non-zero exit status
4: In install.packages(p_to_install, dependencies = TRUE) :
  installation of package ‘geojson’ had non-zero exit status
5: In install.packages(p_to_install, dependencies = TRUE) :
  installation of package ‘geojsonio’ had non-zero exit status
6: In library(package, lib.loc = lib.loc, character.only = TRUE, logical.return = TRUE,  :
  there is no package called ‘rgdal’
7: In library(package, lib.loc = lib.loc, character.only = TRUE, logical.return = TRUE,  :
  there is no package called ‘geojsonio’
8: In library(package, lib.loc = lib.loc, character.only = TRUE, logical.return = TRUE,  :
  there is no package called ‘maptools’
Checking for new polls.
Loading required package: coalitions
Error in select(., institut = pollster, date, party, poll_share = percent,  : 
  unused arguments (institut = pollster, date, party, poll_share = percent, sample_size = respondents)
Calls: %>% ... pivot_wider -> rename -> pivot_longer -> pivot_wider -> mutate
In addition: Warning message:
There were 8 warnings in `mutate()`.
The first warning was:
ℹ In argument: `sonstige = (function (x, decimal = TRUE) ...`.
Caused by warning:
! There were 7 warnings in `mutate()`.
The first warning was:
ℹ In argument: `cdu = (function (x, decimal = TRUE) ...`.
Caused by warning:
! NAs introduced by coercion
ℹ Run `dplyr::last_dplyr_warnings()` to see the 6 remaining warnings.
ℹ Run `dplyr::last_dplyr_warnings()` to see the 7 remaining warnings. 
Execution halted
